[debug] [2026-04-25T18:45:18.804Z] ----------------------------------------------------------------------
[debug] [2026-04-25T18:45:18.807Z] Command:       C:\nvm4w\nodejs\node.exe C:\nvm4w\nodejs\node_modules\firebase-tools\lib\bin\firebase.js deploy --only hosting
[debug] [2026-04-25T18:45:18.807Z] CLI Version:   15.15.0
[debug] [2026-04-25T18:45:18.807Z] Platform:      win32
[debug] [2026-04-25T18:45:18.807Z] Node Version:  v22.14.0
[debug] [2026-04-25T18:45:18.807Z] Time:          Sat Apr 25 2026 21:45:18 GMT+0300 (Москва, стандартное время)
[debug] [2026-04-25T18:45:18.807Z] ----------------------------------------------------------------------
[debug] 
[debug] [2026-04-25T18:45:42.104Z] > command requires scopes: ["email","openid","https://www.googleapis.com/auth/cloudplatformprojects.readonly","https://www.googleapis.com/auth/firebase","https://www.googleapis.com/auth/cloud-platform"]
[debug] [2026-04-25T18:45:42.104Z] > authorizing via signed-in user (pavelkusha@mail.ru)
[debug] [2026-04-25T18:45:42.104Z] [iam] checking project bank-35b8d for permissions ["firebase.projects.get","firebasehosting.sites.update"]
[debug] [2026-04-25T18:45:42.105Z] Checked if tokens are valid: false, expires at: 1777143154968
[debug] [2026-04-25T18:45:42.105Z] Checked if tokens are valid: false, expires at: 1777143154968
[debug] [2026-04-25T18:45:42.105Z] > refreshing access token with scopes: []
[debug] [2026-04-25T18:45:42.107Z] >>> [apiv2][query] POST https://www.googleapis.com/oauth2/v3/token [none]
[debug] [2026-04-25T18:45:42.107Z] >>> [apiv2][body] POST https://www.googleapis.com/oauth2/v3/token [omitted]
[debug] [2026-04-25T18:45:42.318Z] <<< [apiv2][status] POST https://www.googleapis.com/oauth2/v3/token 200
[debug] [2026-04-25T18:45:42.318Z] <<< [apiv2][body] POST https://www.googleapis.com/oauth2/v3/token [omitted]
[debug] [2026-04-25T18:45:42.336Z] >>> [apiv2][query] POST https://cloudresourcemanager.googleapis.com/v1/projects/bank-35b8d:testIamPermissions [none]
[debug] [2026-04-25T18:45:42.336Z] >>> [apiv2][(partial)header] POST https://cloudresourcemanager.googleapis.com/v1/projects/bank-35b8d:testIamPermissions  x-goog-user-project=bank-35b8d
[debug] [2026-04-25T18:45:42.337Z] >>> [apiv2][body] POST https://cloudresourcemanager.googleapis.com/v1/projects/bank-35b8d:testIamPermissions {"permissions":["firebase.projects.get","firebasehosting.sites.update"]}
[debug] [2026-04-25T18:45:43.278Z] <<< [apiv2][status] POST https://cloudresourcemanager.googleapis.com/v1/projects/bank-35b8d:testIamPermissions 403
[debug] [2026-04-25T18:45:43.278Z] <<< [apiv2][body] POST https://cloudresourcemanager.googleapis.com/v1/projects/bank-35b8d:testIamPermissions {"error":{"code":403,"message":"Caller does not have required permission to use project bank-35b8d. Grant the caller the roles/serviceusage.serviceUsageConsumer role, or a custom role with the serviceusage.services.use permission, by visiting https://console.developers.google.com/iam-admin/iam?project=bank-35b8d and then retry. Propagation of the new permission may take a few minutes.","status":"PERMISSION_DENIED","details":[{"@type":"type.googleapis.com/google.rpc.ErrorInfo","reason":"USER_PROJECT_DENIED","domain":"googleapis.com","metadata":{"containerInfo":"bank-35b8d","consumer":"projects/bank-35b8d","consoleUrl":"https://console.developers.google.com/iam-admin/iam?project=bank-35b8d","service":"cloudresourcemanager.googleapis.com"}},{"@type":"type.googleapis.com/google.rpc.LocalizedMessage","locale":"en-US","message":"Caller does not have required permission to use project bank-35b8d. Grant the caller the roles/serviceusage.serviceUsageConsumer role, or a custom role with the serviceusage.services.use permission, by visiting https://console.developers.google.com/iam-admin/iam?project=bank-35b8d and then retry. Propagation of the new permission may take a few minutes."},{"@type":"type.googleapis.com/google.rpc.Help","links":[{"description":"Google developer console IAM admin","url":"https://console.developers.google.com/iam-admin/iam?project=bank-35b8d"}]}]}}
[debug] [2026-04-25T18:45:43.279Z] [iam] error while checking permissions, command may fail: Request to https://cloudresourcemanager.googleapis.com/v1/projects/bank-35b8d:testIamPermissions had HTTP Error: 403, Caller does not have required permission to use project bank-35b8d. Grant the caller the roles/serviceusage.serviceUsageConsumer role, or a custom role with the serviceusage.services.use permission, by visiting https://console.developers.google.com/iam-admin/iam?project=bank-35b8d and then retry. Propagation of the new permission may take a few minutes.
[debug] [2026-04-25T18:45:43.279Z] Checked if tokens are valid: true, expires at: 1777146341318
[debug] [2026-04-25T18:45:43.279Z] Checked if tokens are valid: true, expires at: 1777146341318
[debug] [2026-04-25T18:45:43.279Z] >>> [apiv2][query] GET https://firebase.googleapis.com/v1beta1/projects/bank-35b8d [none]
[debug] [2026-04-25T18:45:43.613Z] <<< [apiv2][status] GET https://firebase.googleapis.com/v1beta1/projects/bank-35b8d 403
[debug] [2026-04-25T18:45:43.613Z] <<< [apiv2][body] GET https://firebase.googleapis.com/v1beta1/projects/bank-35b8d {"error":{"code":403,"message":"The caller does not have permission","status":"PERMISSION_DENIED"}}
[debug] [2026-04-25T18:45:43.613Z] Request to https://firebase.googleapis.com/v1beta1/projects/bank-35b8d had HTTP Error: 403, The caller does not have permission
[debug] [2026-04-25T18:45:43.691Z] FirebaseError: Request to https://firebase.googleapis.com/v1beta1/projects/bank-35b8d had HTTP Error: 403, The caller does not have permission
    at responseToError (C:\Users\Randee\AppData\Local\nvm\v22.14.0\node_modules\firebase-tools\lib\responseToError.js:53:12)
    at RetryOperation._fn (C:\Users\Randee\AppData\Local\nvm\v22.14.0\node_modules\firebase-tools\lib\apiv2.js:333:77)
    at process.processTicksAndRejections (node:internal/process/task_queues:105:5)
[error] 
[error] Error: Failed to get Firebase project bank-35b8d. Please make sure the project exists and your account has permission to access it.
